<?xml version="1.0" encoding="UTF-8"?>
<!-- Generated by org.testng.reporters.JUnitReportReporter -->
<testsuite hostname="BNG-3FTDRT2" failures="0" tests="3" name="TestNgBasics.Assign_google" time="29.929" errors="0" timestamp="2024-08-12T23:45:52 IST" skipped="0">
  <testcase classname="TestNgBasics.Assign_google" name="googlesearch" time="9.177"/>
  <testcase classname="TestNgBasics.Assign_google" name="googlesearch" time="11.770"/>
  <testcase classname="TestNgBasics.Assign_google" name="googlesearch" time="8.982"/>
</testsuite> <!-- TestNgBasics.Assign_google -->
