<?xml version="1.0" encoding="UTF-8"?>
<!-- Generated by org.testng.reporters.JUnitReportReporter -->
<testsuite hostname="BNG-3FTDRT2" failures="0" tests="3" name="TestNgBasics.DataProvider_annotation" time="0.017" errors="0" timestamp="2024-08-12T23:22:46 IST" skipped="0">
  <testcase classname="TestNgBasics.DataProvider_annotation" name="testcase1" time="0.013">
    <system-out>
      <![CDATA[shilpa]]>
    </system-out>
  </testcase> <!-- testcase1 -->
  <testcase classname="TestNgBasics.DataProvider_annotation" name="testcase1" time="0.002">
    <system-out>
      <![CDATA[sriharika]]>
    </system-out>
  </testcase> <!-- testcase1 -->
  <testcase classname="TestNgBasics.DataProvider_annotation" name="testcase1" time="0.002">
    <system-out>
      <![CDATA[roopa]]>
    </system-out>
  </testcase> <!-- testcase1 -->
  <system-out>
    <![CDATA[shilpa
roopa
sriharika]]>
  </system-out>
</testsuite> <!-- TestNgBasics.DataProvider_annotation -->
