<?xml version="1.0" encoding="UTF-8"?>
<!-- Generated by org.testng.reporters.JUnitReportReporter -->
<testsuite hostname="BNG-3FTDRT2" failures="0" tests="1" name="TestNgBasics.TestCase5" time="0.002" errors="0" timestamp="2024-08-12T14:21:55 IST" skipped="0">
  <testcase classname="TestNgBasics.TestCase5" name="login5" time="0.002"/>
</testsuite> <!-- TestNgBasics.TestCase5 -->
