<?xml version="1.0" encoding="UTF-8"?>
<!-- Generated by org.testng.reporters.JUnitReportReporter -->
<testsuite hostname="BNG-3FTDRT2" failures="0" tests="2" name="TestNgBasics.Annoations_testng" time="0.014" errors="0" timestamp="2024-08-12T15:50:42 IST" skipped="0">
  <testcase classname="TestNgBasics.Annoations_testng" name="test" time="0.010"/>
  <testcase classname="TestNgBasics.Annoations_testng" name="test1" time="0.004"/>
</testsuite> <!-- TestNgBasics.Annoations_testng -->
