<?xml version="1.0" encoding="UTF-8"?>
<!-- Generated by org.testng.reporters.JUnitReportReporter -->
<testsuite hostname="BNG-3FTDRT2" failures="0" tests="2" name="TestNgBasics.Annotation_program2" time="19.487" errors="0" timestamp="2024-08-12T16:00:24 IST" skipped="0">
  <testcase classname="TestNgBasics.Annotation_program2" name="shoe" time="9.171"/>
  <testcase classname="TestNgBasics.Annotation_program2" name="mobile" time="10.316"/>
</testsuite> <!-- TestNgBasics.Annotation_program2 -->
