<?xml version="1.0" encoding="UTF-8"?>
<!-- Generated by org.testng.reporters.JUnitReportReporter -->
<testsuite hostname="BNG-3FTDRT2" failures="0" tests="1" name="TestNgBasics.TestCase1_Anno" time="9.761" errors="0" timestamp="2024-08-12T16:49:39 IST" skipped="0">
  <testcase classname="TestNgBasics.TestCase1_Anno" name="shoe" time="9.761"/>
</testsuite> <!-- TestNgBasics.TestCase1_Anno -->
