<?xml version="1.0" encoding="UTF-8"?>
<!-- Generated by org.testng.reporters.JUnitReportReporter -->
<testsuite hostname="BNG-3FTDRT2" failures="0" tests="1" name="TestNgBasics.TestCase2_Anno" time="9.765" errors="0" timestamp="2024-08-12T16:49:39 IST" skipped="0">
  <testcase classname="TestNgBasics.TestCase2_Anno" name="mobile" time="9.765"/>
</testsuite> <!-- TestNgBasics.TestCase2_Anno -->
