<?xml version="1.0" encoding="UTF-8"?>
<!-- Generated by org.testng.reporters.JUnitReportReporter -->
<testsuite hostname="BNG-3FTDRT2" failures="0" tests="3" name="TestNgBasics.Dataprovider_annotation_int" time="0.012" errors="0" timestamp="2024-08-12T23:29:03 IST" skipped="0">
  <testcase classname="TestNgBasics.Dataprovider_annotation_int" name="testcase_new" time="0.008">
    <system-out>
      <![CDATA[the answer is15]]>
    </system-out>
  </testcase> <!-- testcase_new -->
  <testcase classname="TestNgBasics.Dataprovider_annotation_int" name="testcase_new" time="0.002">
    <system-out>
      <![CDATA[the answer is17]]>
    </system-out>
  </testcase> <!-- testcase_new -->
  <testcase classname="TestNgBasics.Dataprovider_annotation_int" name="testcase_new" time="0.002">
    <system-out>
      <![CDATA[the answer is16]]>
    </system-out>
  </testcase> <!-- testcase_new -->
  <system-out>
    <![CDATA[the answer is15
the answer is16
the answer is17]]>
  </system-out>
</testsuite> <!-- TestNgBasics.Dataprovider_annotation_int -->
