<?xml version="1.0" encoding="UTF-8"?>
<!-- Generated by org.testng.reporters.JUnitReportReporter -->
<testsuite hostname="BNG-3FTDRT2" failures="0" tests="1" name="TestNgBasics.TestCase2" time="0.001" errors="0" timestamp="2024-08-12T12:40:51 IST" skipped="0">
  <testcase classname="TestNgBasics.TestCase2" name="login1" time="0.001"/>
</testsuite> <!-- TestNgBasics.TestCase2 -->
